<?xml version="1.0" encoding="UTF-8"?>
<!-- Generated by org.testng.reporters.JUnitXMLReporter -->
<testsuite ignored="6" hostname="LAPTOP-PICKRAJT" failures="0" tests="10" name="Test-03" time="2.268" errors="0" timestamp="2023-08-08T10:15:06 IST">
  <testcase classname="testNGScripts.DisParallelExecution03TestScript" name="bun" time="0.0">
    <skipped/>
  </testcase> <!-- bun -->
  <testcase classname="testNGScripts.DisParallelExecution03TestScript" name="gun" time="0.0">
    <skipped/>
  </testcase> <!-- gun -->
  <testcase classname="testNGScripts.DisParalleExecution02TestScript" name="crawl" time="0.0">
    <skipped/>
  </testcase> <!-- crawl -->
  <testcase classname="testNGScripts.DisParalleExecution02TestScript" name="run" time="0.0">
    <skipped/>
  </testcase> <!-- run -->
  <testcase classname="testNGScripts.DisParalleExecution02TestScript" name="walk" time="0.0">
    <skipped/>
  </testcase> <!-- walk -->
  <testcase classname="testNGScripts.DisParallelExecution01TestScript" name="addClient" time="0.0">
    <skipped/>
  </testcase> <!-- addClient -->
  <testcase classname="testNGScripts.DisParallelExecution01TestScript" name="deleteClient" time="0.0">
    <skipped/>
  </testcase> <!-- deleteClient -->
  <testcase classname="testNGScripts.DisParallelExecution01TestScript" name="modifyClient" time="0.0">
    <skipped/>
  </testcase> <!-- modifyClient -->
  <testcase classname="testNGScripts.DisParallelExecution04TestScript" name="cow" time="0.001">
    <skipped/>
  </testcase> <!-- cow -->
  <testcase classname="testNGScripts.DisParallelExecution04TestScript" name="tiger" time="0.0">
    <skipped/>
  </testcase> <!-- tiger -->
  <testcase classname="com.hopestar.GenericUtility.HopeStarBaseClass" name="@AfterSuite configure_AS" time="0.0">
    <ignored/>
  </testcase> <!-- @AfterSuite configure_AS -->
  <testcase classname="com.hopestar.GenericUtility.HopeStarBaseClass" name="@BeforeSuite configure_BS" time="0.0">
    <ignored/>
  </testcase> <!-- @BeforeSuite configure_BS -->
  <testcase classname="com.hopestar.GenericUtility.HopeStarBaseClass" name="@BeforeSuite configure_BS" time="0.0">
    <ignored/>
  </testcase> <!-- @BeforeSuite configure_BS -->
  <testcase classname="com.hopestar.GenericUtility.HopeStarBaseClass" name="@BeforeSuite configure_BS" time="0.0">
    <ignored/>
  </testcase> <!-- @BeforeSuite configure_BS -->
  <testcase classname="com.hopestar.GenericUtility.HopeStarBaseClass" name="@AfterSuite configure_AS" time="0.0">
    <ignored/>
  </testcase> <!-- @AfterSuite configure_AS -->
  <testcase classname="com.hopestar.GenericUtility.HopeStarBaseClass" name="@AfterSuite configure_AS" time="0.0">
    <ignored/>
  </testcase> <!-- @AfterSuite configure_AS -->
</testsuite> <!-- Test-03 -->
