<?xml version="1.0" encoding="UTF-8"?>
<!-- Generated by org.testng.reporters.JUnitXMLReporter -->
<testsuite ignored="2" hostname="LAPTOP-PICKRAJT" failures="0" tests="5" name="Test-1" time="15.832" errors="0" timestamp="2023-08-08T10:12:22 IST">
  <testcase classname="testNGScripts.DisParallelExecution03TestScript" name="bun" time="0.017"/>
  <testcase classname="testNGScripts.DisParallelExecution03TestScript" name="gun" time="0.004"/>
  <testcase classname="testNGScripts.DisParalleExecution02TestScript" name="crawl" time="0.001"/>
  <testcase classname="testNGScripts.DisParalleExecution02TestScript" name="run" time="0.003"/>
  <testcase classname="testNGScripts.DisParalleExecution02TestScript" name="walk" time="0.003"/>
  <testcase classname="com.hopestar.GenericUtility.HopeStarBaseClass" name="@BeforeSuite configure_BS" time="0.0">
    <ignored/>
  </testcase> <!-- @BeforeSuite configure_BS -->
  <testcase classname="com.hopestar.GenericUtility.HopeStarBaseClass" name="@AfterSuite configure_AS" time="0.0">
    <ignored/>
  </testcase> <!-- @AfterSuite configure_AS -->
</testsuite> <!-- Test-1 -->
