<?xml version="1.0" encoding="UTF-8"?>
<!-- Generated by org.testng.reporters.JUnitXMLReporter -->
<testsuite ignored="2" hostname="LAPTOP-PICKRAJT" failures="0" tests="5" name="Test-2" time="15.847" errors="0" timestamp="2023-08-08T10:12:22 IST">
  <testcase classname="testNGScripts.DisParallelExecution01TestScript" name="addClient" time="0.018"/>
  <testcase classname="testNGScripts.DisParallelExecution01TestScript" name="deleteClient" time="0.004"/>
  <testcase classname="testNGScripts.DisParallelExecution01TestScript" name="modifyClient" time="0.004"/>
  <testcase classname="testNGScripts.DisParallelExecution04TestScript" name="cow" time="0.002"/>
  <testcase classname="testNGScripts.DisParallelExecution04TestScript" name="tiger" time="0.002"/>
  <testcase classname="com.hopestar.GenericUtility.HopeStarBaseClass" name="@AfterSuite configure_AS" time="0.0">
    <ignored/>
  </testcase> <!-- @AfterSuite configure_AS -->
  <testcase classname="com.hopestar.GenericUtility.HopeStarBaseClass" name="@BeforeSuite configure_BS" time="0.0">
    <ignored/>
  </testcase> <!-- @BeforeSuite configure_BS -->
</testsuite> <!-- Test-2 -->
