<?xml version="1.0" encoding="UTF-8"?>
<!-- Generated by org.testng.reporters.JUnitXMLReporter -->
<testsuite ignored="6" hostname="LAPTOP-PICKRAJT" failures="0" tests="10" name="Test-01" time="29.932" errors="0" timestamp="2023-08-08T10:16:57 IST">
  <testcase classname="testNGScripts.DisParallelExecution03TestScript" name="bun" time="0.015"/>
  <testcase classname="testNGScripts.DisParallelExecution03TestScript" name="gun" time="0.004"/>
  <testcase classname="testNGScripts.DisParalleExecution02TestScript" name="crawl" time="0.002"/>
  <testcase classname="testNGScripts.DisParalleExecution02TestScript" name="run" time="0.002"/>
  <testcase classname="testNGScripts.DisParalleExecution02TestScript" name="walk" time="0.003"/>
  <testcase classname="testNGScripts.DisParallelExecution01TestScript" name="addClient" time="0.002"/>
  <testcase classname="testNGScripts.DisParallelExecution01TestScript" name="deleteClient" time="0.002"/>
  <testcase classname="testNGScripts.DisParallelExecution01TestScript" name="modifyClient" time="0.001"/>
  <testcase classname="testNGScripts.DisParallelExecution04TestScript" name="cow" time="0.002"/>
  <testcase classname="testNGScripts.DisParallelExecution04TestScript" name="tiger" time="0.002"/>
  <testcase classname="com.hopestar.GenericUtility.HopeStarBaseClass" name="@AfterSuite configure_AS" time="0.0">
    <ignored/>
  </testcase> <!-- @AfterSuite configure_AS -->
  <testcase classname="com.hopestar.GenericUtility.HopeStarBaseClass" name="@AfterSuite configure_AS" time="0.0">
    <ignored/>
  </testcase> <!-- @AfterSuite configure_AS -->
  <testcase classname="com.hopestar.GenericUtility.HopeStarBaseClass" name="@BeforeSuite configure_BS" time="0.0">
    <ignored/>
  </testcase> <!-- @BeforeSuite configure_BS -->
  <testcase classname="com.hopestar.GenericUtility.HopeStarBaseClass" name="@BeforeSuite configure_BS" time="0.0">
    <ignored/>
  </testcase> <!-- @BeforeSuite configure_BS -->
  <testcase classname="com.hopestar.GenericUtility.HopeStarBaseClass" name="@AfterSuite configure_AS" time="0.0">
    <ignored/>
  </testcase> <!-- @AfterSuite configure_AS -->
  <testcase classname="com.hopestar.GenericUtility.HopeStarBaseClass" name="@BeforeSuite configure_BS" time="0.0">
    <ignored/>
  </testcase> <!-- @BeforeSuite configure_BS -->
</testsuite> <!-- Test-01 -->
