<?xml version="1.0" encoding="UTF-8"?>
<!-- Generated by org.testng.reporters.JUnitReportReporter -->
<testsuite hostname="LAPTOP-PICKRAJT" failures="0" tests="2" name="testNGScripts.Classss" time="0.013" errors="0" timestamp="2023-08-04T13:26:59 IST" skipped="0">
  <testcase classname="testNGScripts.Classss" name="cooik" time="0.002"/>
  <testcase classname="testNGScripts.Classss" name="cooik" time="0.011"/>
</testsuite> <!-- testNGScripts.Classss -->
