<?xml version="1.0" encoding="UTF-8"?>
<!-- Generated by org.testng.reporters.JUnitReportReporter -->
<testsuite hostname="LAPTOP-PICKRAJT" failures="0" tests="2" name="testNGScripts.GroupExecution01TestScript" time="0.013" errors="0" timestamp="2023-08-08T10:11:58 IST" skipped="0">
  <testcase classname="testNGScripts.GroupExecution01TestScript" name="withDrawal" time="0.002"/>
  <testcase classname="testNGScripts.GroupExecution01TestScript" name="addMoney" time="0.011"/>
</testsuite> <!-- testNGScripts.GroupExecution01TestScript -->
