<?xml version="1.0" encoding="UTF-8"?>
<!-- Generated by org.testng.reporters.JUnitReportReporter -->
<testsuite hostname="LAPTOP-PICKRAJT" failures="0" tests="3" name="testNGScripts.BatchExecution02TestScript" time="7.510" errors="0" timestamp="2023-08-08T10:46:47 IST" skipped="0">
  <testcase classname="testNGScripts.BatchExecution02TestScript" name="modifyAgent" time="2.539"/>
  <testcase classname="testNGScripts.BatchExecution02TestScript" name="addAgent" time="2.452"/>
  <testcase classname="testNGScripts.BatchExecution02TestScript" name="deleteAgent" time="2.519"/>
</testsuite> <!-- testNGScripts.BatchExecution02TestScript -->
