<?xml version="1.0" encoding="UTF-8"?>
<!-- Generated by org.testng.reporters.JUnitReportReporter -->
<testsuite hostname="LAPTOP-PICKRAJT" failures="0" tests="4" name="testNGScripts.FetchingfromExcelUtilityDP" time="0.012" errors="0" timestamp="2023-08-04T16:36:42 IST" skipped="0">
  <testcase classname="testNGScripts.FetchingfromExcelUtilityDP" name="read" time="0.001"/>
  <testcase classname="testNGScripts.FetchingfromExcelUtilityDP" name="read" time="0.002"/>
  <testcase classname="testNGScripts.FetchingfromExcelUtilityDP" name="read" time="0.002"/>
  <testcase classname="testNGScripts.FetchingfromExcelUtilityDP" name="read" time="0.007"/>
</testsuite> <!-- testNGScripts.FetchingfromExcelUtilityDP -->
