<?xml version="1.0" encoding="UTF-8"?>
<!-- Generated by org.testng.reporters.JUnitReportReporter -->
<testsuite hostname="LAPTOP-PICKRAJT" failures="0" tests="4" name="testNGScripts.DisParallelExecution03TestScript" time="9.904" errors="0" timestamp="2023-08-08T10:17:34 IST" skipped="0">
  <testcase classname="testNGScripts.DisParallelExecution03TestScript" name="bun" time="2.683"/>
  <testcase classname="testNGScripts.DisParallelExecution03TestScript" name="gun" time="2.503"/>
  <testcase classname="testNGScripts.DisParallelExecution03TestScript" name="bun" time="2.352"/>
  <testcase classname="testNGScripts.DisParallelExecution03TestScript" name="gun" time="2.366"/>
</testsuite> <!-- testNGScripts.DisParallelExecution03TestScript -->
