<?xml version="1.0" encoding="UTF-8"?>
<!-- Generated by org.testng.reporters.JUnitReportReporter -->
<testsuite hostname="LAPTOP-PICKRAJT" failures="0" tests="1" name="approvedTestScriptUsingPOM.AddPaymentUsingDataProvider" time="10.647" errors="0" timestamp="2023-08-07T12:52:10 IST" skipped="0">
  <testcase classname="approvedTestScriptUsingPOM.AddPaymentUsingDataProvider" name="AddInputToApp" time="10.647"/>
</testsuite> <!-- approvedTestScriptUsingPOM.AddPaymentUsingDataProvider -->
