<?xml version="1.0" encoding="UTF-8"?>
<!-- Generated by org.testng.reporters.JUnitReportReporter -->
<testsuite hostname="LAPTOP-PICKRAJT" failures="0" tests="3" name="testNGScripts.FetchingMultipledataProviderTestScript" time="0.014" errors="0" timestamp="2023-08-04T14:59:12 IST" skipped="0">
  <testcase classname="testNGScripts.FetchingMultipledataProviderTestScript" name="ReadAll" time="0.001"/>
  <testcase classname="testNGScripts.FetchingMultipledataProviderTestScript" name="ReadAll" time="0.002"/>
  <testcase classname="testNGScripts.FetchingMultipledataProviderTestScript" name="ReadAll" time="0.011"/>
</testsuite> <!-- testNGScripts.FetchingMultipledataProviderTestScript -->
