<?xml version="1.0" encoding="UTF-8"?>
<!-- Generated by org.testng.reporters.JUnitReportReporter -->
<testsuite hostname="LAPTOP-PICKRAJT" failures="0" tests="6" name="testNGScripts.DisParallelExecution01TestScript" time="14.346" errors="0" timestamp="2023-08-08T10:17:34 IST" skipped="0">
  <testcase classname="testNGScripts.DisParallelExecution01TestScript" name="addClient" time="2.437"/>
  <testcase classname="testNGScripts.DisParallelExecution01TestScript" name="modifyClient" time="2.476"/>
  <testcase classname="testNGScripts.DisParallelExecution01TestScript" name="modifyClient" time="2.259"/>
  <testcase classname="testNGScripts.DisParallelExecution01TestScript" name="deleteClient" time="2.511"/>
  <testcase classname="testNGScripts.DisParallelExecution01TestScript" name="addClient" time="2.384"/>
  <testcase classname="testNGScripts.DisParallelExecution01TestScript" name="deleteClient" time="2.279"/>
</testsuite> <!-- testNGScripts.DisParallelExecution01TestScript -->
