<?xml version="1.0" encoding="UTF-8"?>
<!-- Generated by org.testng.reporters.JUnitReportReporter -->
<testsuite hostname="LAPTOP-PICKRAJT" failures="0" tests="1" name="FinalApprovedTestScripts.AddNomineeViaClientTestNGTestScript" time="19.217" errors="0" timestamp="2023-08-09T17:41:07 IST" skipped="0">
  <testcase classname="FinalApprovedTestScripts.AddNomineeViaClientTestNGTestScript" name="AddNomineeViaClient" time="19.217"/>
</testsuite> <!-- FinalApprovedTestScripts.AddNomineeViaClientTestNGTestScript -->
