<?xml version="1.0" encoding="UTF-8"?>
<!-- Generated by org.testng.reporters.JUnitReportReporter -->
<testsuite hostname="LAPTOP-PICKRAJT" failures="0" tests="4" name="testNGScripts.TestNGException" time="0.015" errors="0" timestamp="2023-08-04T12:37:50 IST" skipped="0">
  <testcase classname="testNGScripts.TestNGException" name="Living" time="0.001"/>
  <testcase classname="testNGScripts.TestNGException" name="Death" time="0.010"/>
  <testcase classname="testNGScripts.TestNGException" name="Afterdeath" time="0.002"/>
  <testcase classname="testNGScripts.TestNGException" name="Birth" time="0.002"/>
</testsuite> <!-- testNGScripts.TestNGException -->
