<?xml version="1.0" encoding="UTF-8"?>
<!-- Generated by org.testng.reporters.JUnitReportReporter -->
<testsuite hostname="LAPTOP-PICKRAJT" failures="0" tests="1" name="FinalApprovedTestScripts.AddPaymentUsingAgentIDTestNGTestScript" time="13.987" errors="0" timestamp="2023-08-09T16:19:23 IST" skipped="0">
  <testcase classname="FinalApprovedTestScripts.AddPaymentUsingAgentIDTestNGTestScript" name="AddPaymentUsingAgentID" time="13.987"/>
</testsuite> <!-- FinalApprovedTestScripts.AddPaymentUsingAgentIDTestNGTestScript -->
