<?xml version="1.0" encoding="UTF-8"?>
<!-- Generated by org.testng.reporters.JUnitReportReporter -->
<testsuite hostname="LAPTOP-PICKRAJT" failures="0" tests="2" name="assertion.SoftAssertion" time="0.013" errors="0" timestamp="2023-08-09T11:43:46 IST" skipped="1">
  <testcase classname="assertion.SoftAssertion" name="nullCheck" time="0.013"/>
  <testcase classname="assertion.SoftAssertion" name="softAssert">
    <skipped/>
  </testcase> <!-- softAssert -->
</testsuite> <!-- assertion.SoftAssertion -->
