<?xml version="1.0" encoding="UTF-8"?>
<!-- Generated by org.testng.reporters.JUnitReportReporter -->
<testsuite hostname="LAPTOP-PICKRAJT" failures="0" tests="2" name="testNGScripts.DataProviderInOneClassTestScript" time="0.011" errors="0" timestamp="2023-08-10T08:57:44 IST" skipped="0">
  <testcase classname="testNGScripts.DataProviderInOneClassTestScript" name="ReadTheData" time="0.001"/>
  <testcase classname="testNGScripts.DataProviderInOneClassTestScript" name="ReadTheData" time="0.010"/>
</testsuite> <!-- testNGScripts.DataProviderInOneClassTestScript -->
