<?xml version="1.0" encoding="UTF-8"?>
<!-- Generated by org.testng.reporters.JUnitReportReporter -->
<testsuite hostname="LAPTOP-PICKRAJT" failures="0" tests="1" name="ApprovedScriptsUsingBaseClass.addClientUsingBaseClass" time="10.465" errors="0" timestamp="2023-08-08T10:51:57 IST" skipped="0">
  <testcase classname="ApprovedScriptsUsingBaseClass.addClientUsingBaseClass" name="AddInputToApp" time="10.465"/>
</testsuite> <!-- ApprovedScriptsUsingBaseClass.addClientUsingBaseClass -->
