<?xml version="1.0" encoding="UTF-8"?>
<!-- Generated by org.testng.reporters.JUnitReportReporter -->
<testsuite hostname="LAPTOP-PICKRAJT" failures="0" tests="2" name="testNGScripts.ExtendedToBaseClassDemo" time="5.000" errors="0" timestamp="2023-08-07T12:38:15 IST" skipped="0">
  <testcase classname="testNGScripts.ExtendedToBaseClassDemo" name="Run1" time="2.525"/>
  <testcase classname="testNGScripts.ExtendedToBaseClassDemo" name="Run2" time="2.475"/>
</testsuite> <!-- testNGScripts.ExtendedToBaseClassDemo -->
