<?xml version="1.0" encoding="UTF-8"?>
<!-- Generated by org.testng.reporters.JUnitReportReporter -->
<testsuite hostname="LAPTOP-PICKRAJT" failures="0" tests="6" name="testNGScripts.DisParalleExecution02TestScript" time="14.189" errors="0" timestamp="2023-08-08T10:17:34 IST" skipped="0">
  <testcase classname="testNGScripts.DisParalleExecution02TestScript" name="walk" time="2.468"/>
  <testcase classname="testNGScripts.DisParalleExecution02TestScript" name="run" time="2.369"/>
  <testcase classname="testNGScripts.DisParalleExecution02TestScript" name="run" time="2.352"/>
  <testcase classname="testNGScripts.DisParalleExecution02TestScript" name="crawl" time="2.256"/>
  <testcase classname="testNGScripts.DisParalleExecution02TestScript" name="walk" time="2.290"/>
  <testcase classname="testNGScripts.DisParalleExecution02TestScript" name="crawl" time="2.454"/>
</testsuite> <!-- testNGScripts.DisParalleExecution02TestScript -->
