<?xml version="1.0" encoding="UTF-8"?>
<!-- Generated by org.testng.reporters.JUnitReportReporter -->
<testsuite hostname="LAPTOP-PICKRAJT" failures="0" tests="3" name="testNGScripts.BatchExecution01TestScript" time="8.039" errors="0" timestamp="2023-08-08T10:46:47 IST" skipped="0">
  <testcase classname="testNGScripts.BatchExecution01TestScript" name="addClient" time="2.918"/>
  <testcase classname="testNGScripts.BatchExecution01TestScript" name="deleteClient" time="2.507"/>
  <testcase classname="testNGScripts.BatchExecution01TestScript" name="modifyClient" time="2.614"/>
</testsuite> <!-- testNGScripts.BatchExecution01TestScript -->
