<?xml version="1.0" encoding="UTF-8"?>
<!-- Generated by org.testng.reporters.JUnitReportReporter -->
<testsuite hostname="LAPTOP-PICKRAJT" failures="0" tests="1" name="testNGScripts.TestNG_AnnotationPractiseTestScript" time="2.955" errors="0" timestamp="2023-08-07T12:12:27 IST" skipped="0">
  <testcase classname="testNGScripts.TestNG_AnnotationPractiseTestScript" name="Run_Test" time="2.955"/>
</testsuite> <!-- testNGScripts.TestNG_AnnotationPractiseTestScript -->
