<?xml version="1.0" encoding="UTF-8"?>
<!-- Generated by org.testng.reporters.JUnitReportReporter -->
<testsuite hostname="LAPTOP-PICKRAJT" failures="0" tests="4" name="testNGScripts.DisParallelExecution04TestScript" time="9.574" errors="0" timestamp="2023-08-08T10:17:34 IST" skipped="0">
  <testcase classname="testNGScripts.DisParallelExecution04TestScript" name="cow" time="2.512"/>
  <testcase classname="testNGScripts.DisParallelExecution04TestScript" name="cow" time="2.259"/>
  <testcase classname="testNGScripts.DisParallelExecution04TestScript" name="tiger" time="2.394"/>
  <testcase classname="testNGScripts.DisParallelExecution04TestScript" name="tiger" time="2.409"/>
</testsuite> <!-- testNGScripts.DisParallelExecution04TestScript -->
