<?xml version="1.0" encoding="UTF-8"?>
<!-- Generated by org.testng.reporters.JUnitReportReporter -->
<testsuite hostname="LAPTOP-PICKRAJT" failures="0" tests="1" name="testNGScripts.GroupExecution02TestScript" time="0.002" errors="0" timestamp="2023-08-08T10:11:58 IST" skipped="0">
  <testcase classname="testNGScripts.GroupExecution02TestScript" name="prepareFood" time="0.002"/>
</testsuite> <!-- testNGScripts.GroupExecution02TestScript -->
