<?xml version="1.0" encoding="UTF-8"?>
<!-- Generated by org.testng.reporters.JUnitReportReporter -->
<testsuite hostname="LAPTOP-PICKRAJT" failures="0" tests="4" name="testNGScripts.FetchFromExcelDataProvider" time="0.009" errors="0" timestamp="2023-08-10T09:11:42 IST" skipped="0">
  <testcase classname="testNGScripts.FetchFromExcelDataProvider" name="read" time="0.001"/>
  <testcase classname="testNGScripts.FetchFromExcelDataProvider" name="read" time="0.001"/>
  <testcase classname="testNGScripts.FetchFromExcelDataProvider" name="read" time="0.006"/>
  <testcase classname="testNGScripts.FetchFromExcelDataProvider" name="read" time="0.001"/>
</testsuite> <!-- testNGScripts.FetchFromExcelDataProvider -->
